TN:
SF:src/logic/procesador.js
FN:1,limpiarPedido
FN:18,procesarPedidos
FN:24,(anonymous_2)
FN:28,(anonymous_3)
FN:29,(anonymous_4)
FN:29,(anonymous_5)
FNF:6
FNH:6
FNDA:13,limpiarPedido
FNDA:3,procesarPedidos
FNDA:12,(anonymous_2)
FNDA:6,(anonymous_3)
FNDA:6,(anonymous_4)
FNDA:3,(anonymous_5)
DA:2,13
DA:3,5
DA:4,5
DA:7,8
DA:8,8
DA:10,8
DA:19,3
DA:20,0
DA:23,3
DA:24,12
DA:28,6
DA:29,6
DA:31,3
DA:39,1
LF:14
LH:13
BRDA:2,0,0,5
BRDA:2,0,1,8
BRDA:2,1,0,13
BRDA:2,1,1,9
BRDA:3,2,0,5
BRDA:3,2,1,0
BRDA:7,3,0,8
BRDA:7,3,1,4
BRDA:13,4,0,8
BRDA:13,4,1,5
BRDA:19,5,0,0
BRDA:19,5,1,3
BRF:12
BRH:10
end_of_record
